=> Booting WEBrick
=> Rails 4.1.8 application starting in development on http://0.0.0.0:3000
=> Run `rails server -h` for more startup options
=> Notice: server is listening on all interfaces (0.0.0.0). Consider using 127.0.0.1 (--binding option)
=> Ctrl-C to shutdown server


Started GET "/channels" for 10.0.2.2 at 2014-12-08 11:30:18 +0000
  [1m[36mActiveRecord::SchemaMigration Load (0.4ms)[0m  [1mSELECT "schema_migrations".* FROM "schema_migrations"[0m
Processing by ChannelsController#index as HTML
  [1m[35mChannel Load (0.5ms)[0m  SELECT "channels".* FROM "channels"
  [1m[36mProgram Load (0.4ms)[0m  [1mSELECT DISTINCT "programs".* FROM "programs" INNER JOIN "episodes" ON "programs"."id" = "episodes"."program_id" WHERE "episodes"."channel_id" = $1[0m  [["channel_id", 1]]
  [1m[35mProgram Load (0.3ms)[0m  SELECT DISTINCT "programs".* FROM "programs" INNER JOIN "episodes" ON "programs"."id" = "episodes"."program_id" WHERE "episodes"."channel_id" = $1  [["channel_id", 2]]
  [1m[36mProgram Load (0.2ms)[0m  [1mSELECT DISTINCT "programs".* FROM "programs" INNER JOIN "episodes" ON "programs"."id" = "episodes"."program_id" WHERE "episodes"."channel_id" = $1[0m  [["channel_id", 3]]
  [1m[35mProgram Load (0.3ms)[0m  SELECT DISTINCT "programs".* FROM "programs" INNER JOIN "episodes" ON "programs"."id" = "episodes"."program_id" WHERE "episodes"."channel_id" = $1  [["channel_id", 4]]
  [1m[36mProgram Load (0.3ms)[0m  [1mSELECT DISTINCT "programs".* FROM "programs" INNER JOIN "episodes" ON "programs"."id" = "episodes"."program_id" WHERE "episodes"."channel_id" = $1[0m  [["channel_id", 5]]
  [1m[35mProgram Load (0.4ms)[0m  SELECT DISTINCT "programs".* FROM "programs" INNER JOIN "episodes" ON "programs"."id" = "episodes"."program_id" WHERE "episodes"."channel_id" = $1  [["channel_id", 6]]
  Rendered channels/index.html.erb within layouts/application (394.5ms)
Completed 200 OK in 1283ms (Views: 1208.7ms | ActiveRecord: 7.9ms)


Started GET "/assets/logos.css?body=1" for 10.0.2.2 at 2014-12-08 11:30:21 +0000


Started GET "/assets/programs.css?body=1" for 10.0.2.2 at 2014-12-08 11:30:21 +0000


Started GET "/assets/channels.css?body=1" for 10.0.2.2 at 2014-12-08 11:30:21 +0000


Started GET "/assets/site.css?body=1" for 10.0.2.2 at 2014-12-08 11:30:21 +0000


Started GET "/assets/pure-min.css?body=1" for 10.0.2.2 at 2014-12-08 11:30:21 +0000


Started GET "/assets/marketing.css?body=1" for 10.0.2.2 at 2014-12-08 11:30:21 +0000


Started GET "/assets/grids-responsive-min.css?body=1" for 10.0.2.2 at 2014-12-08 11:30:21 +0000


Started GET "/assets/application.css?body=1" for 10.0.2.2 at 2014-12-08 11:30:21 +0000


Started GET "/assets/jquery.js?body=1" for 10.0.2.2 at 2014-12-08 11:30:21 +0000


Started GET "/assets/jquery_ujs.js?body=1" for 10.0.2.2 at 2014-12-08 11:30:21 +0000


Started GET "/assets/turbolinks.js?body=1" for 10.0.2.2 at 2014-12-08 11:30:22 +0000


Started GET "/assets/channels.js?body=1" for 10.0.2.2 at 2014-12-08 11:30:22 +0000


Started GET "/assets/programs.js?body=1" for 10.0.2.2 at 2014-12-08 11:30:22 +0000


Started GET "/assets/site.js?body=1" for 10.0.2.2 at 2014-12-08 11:30:22 +0000


Started GET "/assets/application.js?body=1" for 10.0.2.2 at 2014-12-08 11:30:22 +0000


Started GET "/assets/telediario.jpg" for 10.0.2.2 at 2014-12-08 11:30:22 +0000


Started GET "/assets/corazon.jpg" for 10.0.2.2 at 2014-12-08 11:30:22 +0000


Started GET "/assets/noticias_cuatro.jpg" for 10.0.2.2 at 2014-12-08 11:30:22 +0000


Started GET "/assets/simpsons.gif" for 10.0.2.2 at 2014-12-08 11:30:22 +0000


Started GET "/assets/hormiguero.jpg" for 10.0.2.2 at 2014-12-08 11:30:23 +0000


Started GET "/assets/a3_noticias.png" for 10.0.2.2 at 2014-12-08 11:30:23 +0000


Started GET "/assets/deportes_cuatro.jpg" for 10.0.2.2 at 2014-12-08 11:30:23 +0000


Started GET "/assets/ana_rosa.png" for 10.0.2.2 at 2014-12-08 11:30:23 +0000


Started GET "/assets/jugones.jpg" for 10.0.2.2 at 2014-12-08 11:30:23 +0000


Started GET "/assets/sexta_noticias.png" for 10.0.2.2 at 2014-12-08 11:30:23 +0000


Started GET "/" for 10.0.2.2 at 2014-12-08 11:33:09 +0000
  [1m[36mActiveRecord::SchemaMigration Load (0.2ms)[0m  [1mSELECT "schema_migrations".* FROM "schema_migrations"[0m

ActiveRecord::PendingMigrationError (

Migrations are pending. To resolve this issue, run:

	bin/rake db:migrate RAILS_ENV=development

):
  activerecord (4.1.8) lib/active_record/migration.rb:389:in `check_pending!'
  activerecord (4.1.8) lib/active_record/migration.rb:377:in `call'
  actionpack (4.1.8) lib/action_dispatch/middleware/callbacks.rb:29:in `block in call'
  activesupport (4.1.8) lib/active_support/callbacks.rb:82:in `run_callbacks'
  actionpack (4.1.8) lib/action_dispatch/middleware/callbacks.rb:27:in `call'
  actionpack (4.1.8) lib/action_dispatch/middleware/reloader.rb:73:in `call'
  actionpack (4.1.8) lib/action_dispatch/middleware/remote_ip.rb:76:in `call'
  actionpack (4.1.8) lib/action_dispatch/middleware/debug_exceptions.rb:17:in `call'
  actionpack (4.1.8) lib/action_dispatch/middleware/show_exceptions.rb:30:in `call'
  railties (4.1.8) lib/rails/rack/logger.rb:38:in `call_app'
  railties (4.1.8) lib/rails/rack/logger.rb:20:in `block in call'
  activesupport (4.1.8) lib/active_support/tagged_logging.rb:68:in `block in tagged'
  activesupport (4.1.8) lib/active_support/tagged_logging.rb:26:in `tagged'
  activesupport (4.1.8) lib/active_support/tagged_logging.rb:68:in `tagged'
  railties (4.1.8) lib/rails/rack/logger.rb:20:in `call'
  actionpack (4.1.8) lib/action_dispatch/middleware/request_id.rb:21:in `call'
  rack (1.5.2) lib/rack/methodoverride.rb:21:in `call'
  rack (1.5.2) lib/rack/runtime.rb:17:in `call'
  activesupport (4.1.8) lib/active_support/cache/strategy/local_cache_middleware.rb:26:in `call'
  rack (1.5.2) lib/rack/lock.rb:17:in `call'
  actionpack (4.1.8) lib/action_dispatch/middleware/static.rb:84:in `call'
  rack (1.5.2) lib/rack/sendfile.rb:112:in `call'
  railties (4.1.8) lib/rails/engine.rb:514:in `call'
  railties (4.1.8) lib/rails/application.rb:144:in `call'
  rack (1.5.2) lib/rack/lock.rb:17:in `call'
  rack (1.5.2) lib/rack/content_length.rb:14:in `call'
  rack (1.5.2) lib/rack/handler/webrick.rb:60:in `service'
  /home/vagrant/.rvm/rubies/ruby-2.1.0-preview1/lib/ruby/2.1.0/webrick/httpserver.rb:138:in `service'
  /home/vagrant/.rvm/rubies/ruby-2.1.0-preview1/lib/ruby/2.1.0/webrick/httpserver.rb:94:in `run'
  /home/vagrant/.rvm/rubies/ruby-2.1.0-preview1/lib/ruby/2.1.0/webrick/server.rb:295:in `block in start_thread'


  Rendered /home/vagrant/.rvm/gems/ruby-2.1.0-preview1/gems/actionpack-4.1.8/lib/action_dispatch/middleware/templates/rescues/_source.erb (0.8ms)
  Rendered /home/vagrant/.rvm/gems/ruby-2.1.0-preview1/gems/actionpack-4.1.8/lib/action_dispatch/middleware/templates/rescues/_trace.html.erb (1.6ms)
  Rendered /home/vagrant/.rvm/gems/ruby-2.1.0-preview1/gems/actionpack-4.1.8/lib/action_dispatch/middleware/templates/rescues/_request_and_response.html.erb (1.3ms)
  Rendered /home/vagrant/.rvm/gems/ruby-2.1.0-preview1/gems/actionpack-4.1.8/lib/action_dispatch/middleware/templates/rescues/diagnostics.erb within rescues/layout (20.7ms)


Started GET "/_routes" for 10.0.2.2 at 2014-12-08 11:51:18 +0000
  [1m[35mActiveRecord::SchemaMigration Load (0.2ms)[0m  SELECT "schema_migrations".* FROM "schema_migrations"

ActionController::RoutingError (No route matches [GET] "/_routes"):
  actionpack (4.1.8) lib/action_dispatch/middleware/debug_exceptions.rb:21:in `call'
  actionpack (4.1.8) lib/action_dispatch/middleware/show_exceptions.rb:30:in `call'
  railties (4.1.8) lib/rails/rack/logger.rb:38:in `call_app'
  railties (4.1.8) lib/rails/rack/logger.rb:20:in `block in call'
  activesupport (4.1.8) lib/active_support/tagged_logging.rb:68:in `block in tagged'
  activesupport (4.1.8) lib/active_support/tagged_logging.rb:26:in `tagged'
  activesupport (4.1.8) lib/active_support/tagged_logging.rb:68:in `tagged'
  railties (4.1.8) lib/rails/rack/logger.rb:20:in `call'
  actionpack (4.1.8) lib/action_dispatch/middleware/request_id.rb:21:in `call'
  rack (1.5.2) lib/rack/methodoverride.rb:21:in `call'
  rack (1.5.2) lib/rack/runtime.rb:17:in `call'
  activesupport (4.1.8) lib/active_support/cache/strategy/local_cache_middleware.rb:26:in `call'
  rack (1.5.2) lib/rack/lock.rb:17:in `call'
  actionpack (4.1.8) lib/action_dispatch/middleware/static.rb:84:in `call'
  rack (1.5.2) lib/rack/sendfile.rb:112:in `call'
  railties (4.1.8) lib/rails/engine.rb:514:in `call'
  railties (4.1.8) lib/rails/application.rb:144:in `call'
  rack (1.5.2) lib/rack/lock.rb:17:in `call'
  rack (1.5.2) lib/rack/content_length.rb:14:in `call'
  rack (1.5.2) lib/rack/handler/webrick.rb:60:in `service'
  /home/vagrant/.rvm/rubies/ruby-2.1.0-preview1/lib/ruby/2.1.0/webrick/httpserver.rb:138:in `service'
  /home/vagrant/.rvm/rubies/ruby-2.1.0-preview1/lib/ruby/2.1.0/webrick/httpserver.rb:94:in `run'
  /home/vagrant/.rvm/rubies/ruby-2.1.0-preview1/lib/ruby/2.1.0/webrick/server.rb:295:in `block in start_thread'


